<?xml version="1.0" encoding="UTF-8"?>
<robot generator="Robot 6.1.1 (Python 3.10.1 on win32)" generated="20231212 16:22:43.640" rpa="false" schemaversion="4">
<suite id="s1" name="Serve-Rest-Front" source="c:\robot-playwright\tests\serve-rest-front.robot">
<kw name="Cadastrar Usuário e Logar" library="serve-rest-front" type="SETUP">
<kw name="New Browser" library="Browser">
<tag>BrowserControl</tag>
<tag>Setter</tag>
<doc>Create a new playwright Browser with specified options.</doc>
<msg timestamp="20231212 16:22:58.221" level="INFO">{"browser": "chromium", "headless": true, "chromiumSandbox": false, "devtools": false, "handleSIGHUP": true, "handleSIGINT": true, "handleSIGTERM": true, "slowMo": 0.0, "timeout": 30000.0, "tracesDir": "C:\\robot-playwright\\browser\\traces\\c147da59-de56-4ca1-9e09-323a43460aa0"}</msg>
<msg timestamp="20231212 16:23:03.156" level="INFO">Successfully created browser with options: {"browser":"chromium","headless":true,"chromiumSandbox":false,"devtools":false,"handleSIGHUP":true,"handleSIGINT":true,"handleSIGTERM":true,"slowMo":0,"timeout":30000,"tracesDir":"C:\\robot-playwright\\browser\\traces\\c147da59-de56-4ca1-9e09-323a43460aa0"}</msg>
<status status="PASS" starttime="20231212 16:22:56.818" endtime="20231212 16:23:03.157"/>
</kw>
<kw name="New Page" library="Browser">
<arg>url=${SITE_SERVE_REST}</arg>
<tag>BrowserControl</tag>
<tag>Setter</tag>
<doc>Open a new Page.</doc>
<msg timestamp="20231212 16:23:13.147" level="INFO">Successfully initialized new page object and opened url: https://front.serverest.dev/</msg>
<msg timestamp="20231212 16:23:13.148" level="INFO">No context was open. New context was automatically opened when this page is created.</msg>
<status status="PASS" starttime="20231212 16:23:03.158" endtime="20231212 16:23:13.149"/>
</kw>
<kw name="Criar usuário via API" library="serve-rest-front">
<kw name="Email" library="FakerLibrary">
<var>${EMAIL}</var>
<msg timestamp="20231212 16:23:13.154" level="INFO">${EMAIL} = melody32@example.org</msg>
<status status="PASS" starttime="20231212 16:23:13.152" endtime="20231212 16:23:13.154"/>
</kw>
<kw name="Set Suite Variable" library="BuiltIn">
<arg>${EMAIL}</arg>
<doc>Makes a variable available everywhere within the scope of the current suite.</doc>
<msg timestamp="20231212 16:23:13.157" level="INFO">${EMAIL} = melody32@example.org</msg>
<status status="PASS" starttime="20231212 16:23:13.155" endtime="20231212 16:23:13.157"/>
</kw>
<kw name="Http" library="Browser">
<var>${resposta}</var>
<arg>url=https://serverest.dev/usuarios</arg>
<arg>method=POST</arg>
<arg>body={"nome": "Augusto Oliveira","email": "${EMAIL}","password": "123456","administrador": "true"}</arg>
<tag>HTTP</tag>
<doc>Performs an HTTP request in the current browser context</doc>
<msg timestamp="20231212 16:23:14.268" level="INFO">{'status': 201, 'body': {'message': 'Cadastro realizado com sucesso', '_id': 'J3DEgWy7ae8IzvAa'}, 'headers': {'content-length': '82', 'content-type': 'application/json; charset=utf-8'}, 'type': 'cors', 'statusText': '', 'url': 'https://serverest.dev/usuarios', 'ok': True, 'redirected': False}</msg>
<msg timestamp="20231212 16:23:14.270" level="INFO">${resposta} = {'status': 201, 'body': {'message': 'Cadastro realizado com sucesso', '_id': 'J3DEgWy7ae8IzvAa'}, 'headers': {'content-length': '82', 'content-type': 'application/json; charset=utf-8'}, 'type': 'cors'...</msg>
<status status="PASS" starttime="20231212 16:23:13.158" endtime="20231212 16:23:14.271"/>
</kw>
<kw name="Should Be Equal As Integers" library="BuiltIn">
<arg>${resposta["status"]}</arg>
<arg>201</arg>
<doc>Fails if objects are unequal after converting them to integers.</doc>
<msg timestamp="20231212 16:23:14.275" level="INFO">Argument types are:
&lt;class 'int'&gt;
&lt;class 'str'&gt;</msg>
<status status="PASS" starttime="20231212 16:23:14.272" endtime="20231212 16:23:14.275"/>
</kw>
<status status="PASS" starttime="20231212 16:23:13.150" endtime="20231212 16:23:14.276"/>
</kw>
<kw name="Logar com o usuário cadastrado via API" library="serve-rest-front">
<kw name="Http" library="Browser">
<var>${resposta}</var>
<arg>url=https://serverest.dev/login</arg>
<arg>method=POST</arg>
<arg>body={"email": "${EMAIL}","password": "123456"}</arg>
<tag>HTTP</tag>
<doc>Performs an HTTP request in the current browser context</doc>
<msg timestamp="20231212 16:23:14.734" level="INFO">{'status': 200, 'body': {'message': 'Login realizado com sucesso', 'authorization': 'Bearer eyJhbGciOiJIUzI1NiIsInR5cCI6IkpXVCJ9.eyJlbWFpbCI6Im1lbG9keTMyQGV4YW1wbGUub3JnIiwicGFzc3dvcmQiOiIxMjM0NTYiLCJpYXQiOjE3MDI0MDg5OTUsImV4cCI6MTcwMjQwOTU5NX0.GOx9KZPorSKK8808t37BdIG8lyoBbDDJ3dcA7g3_MCs'}, 'headers': {'content-length': '276', 'content-type': 'application/json; charset=utf-8'}, 'type': 'cors', 'statusText': '', 'url': 'https://serverest.dev/login', 'ok': True, 'redirected': False}</msg>
<msg timestamp="20231212 16:23:14.735" level="INFO">${resposta} = {'status': 200, 'body': {'message': 'Login realizado com sucesso', 'authorization': 'Bearer eyJhbGciOiJIUzI1NiIsInR5cCI6IkpXVCJ9.eyJlbWFpbCI6Im1lbG9keTMyQGV4YW1wbGUub3JnIiwicGFzc3dvcmQiOiIxMjM0NTYiLCJ...</msg>
<status status="PASS" starttime="20231212 16:23:14.278" endtime="20231212 16:23:14.735"/>
</kw>
<kw name="Should Be Equal As Integers" library="BuiltIn">
<arg>${resposta["status"]}</arg>
<arg>200</arg>
<doc>Fails if objects are unequal after converting them to integers.</doc>
<msg timestamp="20231212 16:23:14.739" level="INFO">Argument types are:
&lt;class 'int'&gt;
&lt;class 'str'&gt;</msg>
<status status="PASS" starttime="20231212 16:23:14.737" endtime="20231212 16:23:14.740"/>
</kw>
<kw name="LocalStorage Set Item" library="Browser">
<arg>serverest/userEmail</arg>
<arg>${EMAIL}</arg>
<tag>PageContent</tag>
<tag>Setter</tag>
<doc>Save data to the local storage.</doc>
<msg timestamp="20231212 16:23:14.794" level="INFO">JavaScript executed successfully.</msg>
<status status="PASS" starttime="20231212 16:23:14.740" endtime="20231212 16:23:14.795"/>
</kw>
<kw name="LocalStorage Set Item" library="Browser">
<arg>serverest/userToken</arg>
<arg>${resposta["body"]["authorization"]}</arg>
<tag>PageContent</tag>
<tag>Setter</tag>
<doc>Save data to the local storage.</doc>
<msg timestamp="20231212 16:23:14.844" level="INFO">JavaScript executed successfully.</msg>
<status status="PASS" starttime="20231212 16:23:14.796" endtime="20231212 16:23:14.845"/>
</kw>
<kw name="LocalStorage Set Item" library="Browser">
<arg>serverest/userNome</arg>
<arg>Augusto Oliveira</arg>
<tag>PageContent</tag>
<tag>Setter</tag>
<doc>Save data to the local storage.</doc>
<msg timestamp="20231212 16:23:14.892" level="INFO">JavaScript executed successfully.</msg>
<status status="PASS" starttime="20231212 16:23:14.846" endtime="20231212 16:23:14.892"/>
</kw>
<kw name="Go To" library="Browser">
<arg>url=https://front.serverest.dev/admin/home</arg>
<tag>BrowserControl</tag>
<tag>Setter</tag>
<doc>Navigates to the given ``url``.</doc>
<msg timestamp="20231212 16:23:16.451" level="INFO">Successfully opened URL https://front.serverest.dev/admin/home</msg>
<status status="PASS" starttime="20231212 16:23:14.893" endtime="20231212 16:23:16.452"/>
</kw>
<kw name="Take Screenshot" library="Browser">
<tag>PageContent</tag>
<doc>Takes a screenshot of the current window or element and saves it to disk.</doc>
<msg timestamp="20231212 16:23:16.993" level="INFO" html="true">&lt;/td&gt;&lt;/tr&gt;&lt;tr&gt;&lt;td colspan="3"&gt;&lt;a href="browser/screenshot/robotframework-browser-screenshot-1.png" target="_blank"&gt;&lt;img src="browser/screenshot/robotframework-browser-screenshot-1.png" width="800px"/&gt;&lt;/a&gt;</msg>
<status status="PASS" starttime="20231212 16:23:16.453" endtime="20231212 16:23:16.993"/>
</kw>
<status status="PASS" starttime="20231212 16:23:14.277" endtime="20231212 16:23:16.994"/>
</kw>
<kw name="Save Storage State" library="Browser">
<var>${STORAGE_FILE}</var>
<tag>BrowserControl</tag>
<tag>Getter</tag>
<doc>Saves the current active context storage state to a file.</doc>
<msg timestamp="20231212 16:23:20.268" level="INFO">Current context state is saved to: C:\robot-playwright\browser\state\c14ea496-705d-46de-8e43-3662e1d0593b.json</msg>
<msg timestamp="20231212 16:23:20.269" level="INFO">${STORAGE_FILE} = C:\robot-playwright\browser\state\c14ea496-705d-46de-8e43-3662e1d0593b.json</msg>
<status status="PASS" starttime="20231212 16:23:16.995" endtime="20231212 16:23:20.270"/>
</kw>
<kw name="Set Suite Variable" library="BuiltIn">
<arg>${STORAGE_FILE}</arg>
<doc>Makes a variable available everywhere within the scope of the current suite.</doc>
<msg timestamp="20231212 16:23:20.272" level="INFO">${STORAGE_FILE} = C:\robot-playwright\browser\state\c14ea496-705d-46de-8e43-3662e1d0593b.json</msg>
<status status="PASS" starttime="20231212 16:23:20.271" endtime="20231212 16:23:20.273"/>
</kw>
<status status="PASS" starttime="20231212 16:22:56.817" endtime="20231212 16:23:20.273"/>
</kw>
<test id="s1-t1" name="Desafio: Conferir se novo produto cadastrado está na &quot;Lista de Produtos&quot;" line="21">
<kw name="Abrir o site Serve Rest Front logado" library="serve-rest-front">
<kw name="New Browser" library="Browser">
<arg>browser=${BROWSER}</arg>
<arg>headless=${HEADLESS}</arg>
<tag>BrowserControl</tag>
<tag>Setter</tag>
<doc>Create a new playwright Browser with specified options.</doc>
<msg timestamp="20231212 16:23:20.338" level="INFO">{"browser": "chromium", "headless": false, "chromiumSandbox": false, "devtools": false, "handleSIGHUP": true, "handleSIGINT": true, "handleSIGTERM": true, "slowMo": 0.0, "timeout": 30000.0, "tracesDir": "C:\\robot-playwright\\browser\\traces\\be36285d-3580-457e-8094-89db61d952cd"}</msg>
<msg timestamp="20231212 16:23:23.492" level="INFO">Successfully created browser with options: {"browser":"chromium","headless":false,"chromiumSandbox":false,"devtools":false,"handleSIGHUP":true,"handleSIGINT":true,"handleSIGTERM":true,"slowMo":0,"timeout":30000,"tracesDir":"C:\\robot-playwright\\browser\\traces\\be36285d-3580-457e-8094-89db61d952cd"}</msg>
<status status="PASS" starttime="20231212 16:23:20.306" endtime="20231212 16:23:23.493"/>
</kw>
<kw name="New Context" library="Browser">
<arg>viewport={'width': 1200, 'height': 800}</arg>
<arg>storageState=${STORAGE_FILE}</arg>
<tag>BrowserControl</tag>
<tag>Setter</tag>
<doc>Create a new BrowserContext with specified options.</doc>
<msg timestamp="20231212 16:23:23.677" level="INFO">{
  "acceptDownloads": true,
  "bypassCSP": false,
  "forcedColors": "none",
  "ignoreHTTPSErrors": false,
  "javaScriptEnabled": true,
  "offline": false,
  "reducedMotion": "no-preference",
  "serviceWorkers": "allow",
  "storageState": "C:\\robot-playwright\\browser\\state\\c14ea496-705d-46de-8e43-3662e1d0593b.json",
  "viewport": {
    "height": 800,
    "width": 1200
  }
}</msg>
<msg timestamp="20231212 16:23:26.101" level="INFO">Successfully created context. </msg>
<msg timestamp="20231212 16:23:26.102" level="INFO">{'acceptDownloads': True, 'bypassCSP': False, 'forcedColors': 'none', 'ignoreHTTPSErrors': False, 'javaScriptEnabled': True, 'offline': False, 'reducedMotion': 'no-preference', 'serviceWorkers': 'allow', 'storageState': 'C:\\robot-playwright\\browser\\state\\c14ea496-705d-46de-8e43-3662e1d0593b.json', 'viewport': {'height': 800, 'width': 1200}}</msg>
<status status="PASS" starttime="20231212 16:23:23.495" endtime="20231212 16:23:26.113"/>
</kw>
<kw name="New Page" library="Browser">
<arg>url=https://front.serverest.dev/admin/home</arg>
<tag>BrowserControl</tag>
<tag>Setter</tag>
<doc>Open a new Page.</doc>
<msg timestamp="20231212 16:23:31.281" level="INFO">Successfully initialized new page object and opened url: https://front.serverest.dev/admin/home</msg>
<status status="PASS" starttime="20231212 16:23:26.114" endtime="20231212 16:23:31.283"/>
</kw>
<kw name="Get Text" library="Browser">
<arg>h1</arg>
<arg>==</arg>
<arg>Bem Vindo Augusto Oliveira</arg>
<tag>Assertion</tag>
<tag>Getter</tag>
<tag>PageContent</tag>
<doc>Returns text attribute of the element found by ``selector``.</doc>
<msg timestamp="20231212 16:23:34.682" level="INFO">Highlighted 1 elements for 2000.</msg>
<msg timestamp="20231212 16:23:34.683" level="INFO">Text: 'Bem Vindo Augusto Oliveira'</msg>
<status status="PASS" starttime="20231212 16:23:31.285" endtime="20231212 16:23:34.684"/>
</kw>
<kw name="Take Screenshot" library="Browser">
<tag>PageContent</tag>
<doc>Takes a screenshot of the current window or element and saves it to disk.</doc>
<msg timestamp="20231212 16:23:35.048" level="INFO" html="true">&lt;/td&gt;&lt;/tr&gt;&lt;tr&gt;&lt;td colspan="3"&gt;&lt;a href="browser/screenshot/robotframework-browser-screenshot-2.png" target="_blank"&gt;&lt;img src="browser/screenshot/robotframework-browser-screenshot-2.png" width="800px"/&gt;&lt;/a&gt;</msg>
<status status="PASS" starttime="20231212 16:23:34.685" endtime="20231212 16:23:35.048"/>
</kw>
<status status="PASS" starttime="20231212 16:23:20.304" endtime="20231212 16:23:35.049"/>
</kw>
<kw name="Cadastrar um novo produto" library="serve-rest-front">
<kw name="Acessar a tela de cadatro de Produtos" library="serve-rest-front">
<kw name="Click" library="Browser">
<arg>css=a[data-testid='cadastrarProdutos']</arg>
<tag>PageContent</tag>
<tag>Setter</tag>
<doc>Simulates mouse click on the element found by ``selector``.</doc>
<msg timestamp="20231212 16:23:35.213" level="INFO">Highlighted 1 elements for 2000.</msg>
<status status="PASS" starttime="20231212 16:23:35.094" endtime="20231212 16:23:37.387"/>
</kw>
<status status="PASS" starttime="20231212 16:23:35.092" endtime="20231212 16:23:37.390"/>
</kw>
<kw name="Preencher os dados do novo produto" library="serve-rest-front">
<kw name="City" library="FakerLibrary">
<var>${produto}</var>
<doc>:example 'Sashabury'</doc>
<msg timestamp="20231212 16:23:37.397" level="INFO">${produto} = Lake Heatherburgh</msg>
<status status="PASS" starttime="20231212 16:23:37.395" endtime="20231212 16:23:37.398"/>
</kw>
<kw name="Set Suite Variable" library="BuiltIn">
<arg>${produto}</arg>
<doc>Makes a variable available everywhere within the scope of the current suite.</doc>
<msg timestamp="20231212 16:23:37.403" level="INFO">${produto} = Lake Heatherburgh</msg>
<status status="PASS" starttime="20231212 16:23:37.401" endtime="20231212 16:23:37.403"/>
</kw>
<kw name="Evaluate" library="BuiltIn">
<var>${preço_prod}</var>
<arg>str(random.randint(10, 9999))</arg>
<doc>Evaluates the given expression in Python and returns the result.</doc>
<msg timestamp="20231212 16:23:37.406" level="INFO">${preço_prod} = 9379</msg>
<status status="PASS" starttime="20231212 16:23:37.404" endtime="20231212 16:23:37.407"/>
</kw>
<kw name="Set Suite Variable" library="BuiltIn">
<arg>${preço_prod}</arg>
<doc>Makes a variable available everywhere within the scope of the current suite.</doc>
<msg timestamp="20231212 16:23:37.409" level="INFO">${preço_prod} = 9379</msg>
<status status="PASS" starttime="20231212 16:23:37.407" endtime="20231212 16:23:37.410"/>
</kw>
<kw name="Evaluate" library="BuiltIn">
<var>${quant_prod}</var>
<arg>str(random.randint(100, 999))</arg>
<doc>Evaluates the given expression in Python and returns the result.</doc>
<msg timestamp="20231212 16:23:37.415" level="INFO">${quant_prod} = 381</msg>
<status status="PASS" starttime="20231212 16:23:37.413" endtime="20231212 16:23:37.416"/>
</kw>
<kw name="Set Suite Variable" library="BuiltIn">
<arg>${quant_prod}</arg>
<doc>Makes a variable available everywhere within the scope of the current suite.</doc>
<msg timestamp="20231212 16:23:37.420" level="INFO">${quant_prod} = 381</msg>
<status status="PASS" starttime="20231212 16:23:37.418" endtime="20231212 16:23:37.421"/>
</kw>
<kw name="Click" library="Browser">
<arg>css=\#nome</arg>
<tag>PageContent</tag>
<tag>Setter</tag>
<doc>Simulates mouse click on the element found by ``selector``.</doc>
<msg timestamp="20231212 16:23:37.821" level="INFO">Highlighted 1 elements for 2000.</msg>
<status status="PASS" starttime="20231212 16:23:37.422" endtime="20231212 16:23:39.921"/>
</kw>
<kw name="Fill Text" library="Browser">
<arg>css=input[data-testid='nome']</arg>
<arg>${produto}</arg>
<tag>PageContent</tag>
<tag>Setter</tag>
<doc>Clears and fills the given ``txt`` into the text field found by ``selector``.</doc>
<msg timestamp="20231212 16:23:39.940" level="INFO">Fills the text 'Lake Heatherburgh' in the given field.</msg>
<msg timestamp="20231212 16:23:40.052" level="INFO">Highlighted 1 elements for 2000.</msg>
<status status="PASS" starttime="20231212 16:23:39.923" endtime="20231212 16:23:42.126"/>
</kw>
<kw name="Click" library="Browser">
<arg>css=\#price</arg>
<tag>PageContent</tag>
<tag>Setter</tag>
<doc>Simulates mouse click on the element found by ``selector``.</doc>
<msg timestamp="20231212 16:23:42.233" level="INFO">Highlighted 1 elements for 2000.</msg>
<status status="PASS" starttime="20231212 16:23:42.127" endtime="20231212 16:23:44.316"/>
</kw>
<kw name="Fill Text" library="Browser">
<arg>css=input[data-testid='preco']</arg>
<arg>${preço_prod}</arg>
<tag>PageContent</tag>
<tag>Setter</tag>
<doc>Clears and fills the given ``txt`` into the text field found by ``selector``.</doc>
<msg timestamp="20231212 16:23:44.333" level="INFO">Fills the text '9379' in the given field.</msg>
<msg timestamp="20231212 16:23:44.477" level="INFO">Highlighted 1 elements for 2000.</msg>
<status status="PASS" starttime="20231212 16:23:44.318" endtime="20231212 16:23:46.524"/>
</kw>
<kw name="Click" library="Browser">
<arg>css=\#description</arg>
<tag>PageContent</tag>
<tag>Setter</tag>
<doc>Simulates mouse click on the element found by ``selector``.</doc>
<msg timestamp="20231212 16:23:46.637" level="INFO">Highlighted 1 elements for 2000.</msg>
<status status="PASS" starttime="20231212 16:23:46.526" endtime="20231212 16:23:48.718"/>
</kw>
<kw name="Fill Text" library="Browser">
<arg>css=textarea[data-testid='descricao']</arg>
<arg>Texto criado para o produto ${produto}</arg>
<tag>PageContent</tag>
<tag>Setter</tag>
<doc>Clears and fills the given ``txt`` into the text field found by ``selector``.</doc>
<msg timestamp="20231212 16:23:48.737" level="INFO">Fills the text 'Texto criado para o produto Lake Heatherburgh' in the given field.</msg>
<msg timestamp="20231212 16:23:48.852" level="INFO">Highlighted 1 elements for 2000.</msg>
<status status="PASS" starttime="20231212 16:23:48.720" endtime="20231212 16:23:50.910"/>
</kw>
<kw name="Click" library="Browser">
<arg>css=\#quantity</arg>
<tag>PageContent</tag>
<tag>Setter</tag>
<doc>Simulates mouse click on the element found by ``selector``.</doc>
<msg timestamp="20231212 16:23:51.014" level="INFO">Highlighted 1 elements for 2000.</msg>
<status status="PASS" starttime="20231212 16:23:50.911" endtime="20231212 16:23:53.107"/>
</kw>
<kw name="Fill Text" library="Browser">
<arg>css=input[data-testid='quantity']</arg>
<arg>${quant_prod}</arg>
<tag>PageContent</tag>
<tag>Setter</tag>
<doc>Clears and fills the given ``txt`` into the text field found by ``selector``.</doc>
<msg timestamp="20231212 16:23:53.121" level="INFO">Fills the text '381' in the given field.</msg>
<msg timestamp="20231212 16:23:53.227" level="INFO">Highlighted 1 elements for 2000.</msg>
<status status="PASS" starttime="20231212 16:23:53.108" endtime="20231212 16:23:55.287"/>
</kw>
<kw name="Take Screenshot" library="Browser">
<arg>${EXECDIR}${/}resources\\Evidencias\\${produto}.png</arg>
<tag>PageContent</tag>
<doc>Takes a screenshot of the current window or element and saves it to disk.</doc>
<msg timestamp="20231212 16:23:55.505" level="INFO" html="true">&lt;/td&gt;&lt;/tr&gt;&lt;tr&gt;&lt;td colspan="3"&gt;&lt;a href="resources/Evidencias/Lake%20Heatherburgh.png" target="_blank"&gt;&lt;img src="resources/Evidencias/Lake%20Heatherburgh.png" width="800px"/&gt;&lt;/a&gt;</msg>
<status status="PASS" starttime="20231212 16:23:55.288" endtime="20231212 16:23:55.506"/>
</kw>
<kw name="Upload File By Selector" library="Browser">
<arg>css=input[data-testid='imagem']</arg>
<arg>${EXECDIR}${/}resources\\Evidencias\\${produto}.png</arg>
<tag>PageContent</tag>
<tag>Setter</tag>
<doc>Uploads file from `path` to file input element matched by selector.</doc>
<status status="PASS" starttime="20231212 16:23:55.507" endtime="20231212 16:23:55.698"/>
</kw>
<kw name="Click" library="Browser">
<arg>css=.btn-primary</arg>
<tag>PageContent</tag>
<tag>Setter</tag>
<doc>Simulates mouse click on the element found by ``selector``.</doc>
<msg timestamp="20231212 16:23:55.817" level="INFO">Highlighted 1 elements for 2000.</msg>
<status status="PASS" starttime="20231212 16:23:55.698" endtime="20231212 16:23:57.955"/>
</kw>
<status status="PASS" starttime="20231212 16:23:37.392" endtime="20231212 16:23:57.958"/>
</kw>
<status status="PASS" starttime="20231212 16:23:35.089" endtime="20231212 16:23:57.959"/>
</kw>
<kw name="Conferir que o produto aparece na &quot;Lista de Produtos&quot;" library="serve-rest-front">
<kw name="Conferir que o produto aparece na listagem" library="serve-rest-front">
<kw name="Get Table Cell Element" library="Browser">
<var>${elemento}</var>
<arg>css=table</arg>
<arg>"Nome"</arg>
<arg>"${produto}"</arg>
<tag>Getter</tag>
<tag>PageContent</tag>
<doc>Returns the Web Element that has the same column index and same row index as the selected elements.</doc>
<msg timestamp="20231212 16:23:58.925" level="INFO">JavaScript executed successfully.</msg>
<msg timestamp="20231212 16:23:59.254" level="INFO">Locator found successfully.</msg>
<msg timestamp="20231212 16:23:59.255" level="INFO">${elemento} = css=table &gt;&gt; tr &gt;&gt; nth=3 &gt;&gt; &gt; * &gt;&gt; nth=0</msg>
<status status="PASS" starttime="20231212 16:23:57.991" endtime="20231212 16:23:59.255"/>
</kw>
<kw name="Get Text" library="Browser">
<var>${nome}</var>
<arg>${elemento}</arg>
<arg>==</arg>
<arg>${produto}</arg>
<tag>Assertion</tag>
<tag>Getter</tag>
<tag>PageContent</tag>
<doc>Returns text attribute of the element found by ``selector``.</doc>
<msg timestamp="20231212 16:24:01.406" level="INFO">Highlighted 1 elements for 2000.</msg>
<msg timestamp="20231212 16:24:01.406" level="INFO">Text: 'Lake Heatherburgh'</msg>
<msg timestamp="20231212 16:24:01.407" level="INFO">${nome} = Lake Heatherburgh</msg>
<status status="PASS" starttime="20231212 16:23:59.256" endtime="20231212 16:24:01.408"/>
</kw>
<kw name="Highlight Elements" library="Browser">
<arg>${elemento}</arg>
<tag>PageContent</tag>
<tag>Setter</tag>
<doc>Adds a highlight to elements matched by the ``selector``. Provides a style adjustment.</doc>
<msg timestamp="20231212 16:24:01.452" level="INFO">Highlighted 1 elements for 5000.</msg>
<status status="PASS" starttime="20231212 16:24:01.408" endtime="20231212 16:24:01.453"/>
</kw>
<kw name="Take Screenshot" library="Browser">
<arg>fullPage=${true}</arg>
<tag>PageContent</tag>
<doc>Takes a screenshot of the current window or element and saves it to disk.</doc>
<msg timestamp="20231212 16:24:01.798" level="INFO" html="true">&lt;/td&gt;&lt;/tr&gt;&lt;tr&gt;&lt;td colspan="3"&gt;&lt;a href="browser/screenshot/robotframework-browser-screenshot-3.png" target="_blank"&gt;&lt;img src="browser/screenshot/robotframework-browser-screenshot-3.png" width="800px"/&gt;&lt;/a&gt;</msg>
<status status="PASS" starttime="20231212 16:24:01.454" endtime="20231212 16:24:01.799"/>
</kw>
<status status="PASS" starttime="20231212 16:23:57.985" endtime="20231212 16:24:01.800"/>
</kw>
<status status="PASS" starttime="20231212 16:23:57.983" endtime="20231212 16:24:01.802"/>
</kw>
<tag>lista_produto</tag>
<status status="PASS" starttime="20231212 16:23:20.274" endtime="20231212 16:24:01.816"/>
</test>
<kw name="Close Browser" library="Browser" type="TEARDOWN">
<arg>ALL</arg>
<tag>BrowserControl</tag>
<tag>Setter</tag>
<doc>Closes the current browser.</doc>
<msg timestamp="20231212 16:24:08.984" level="INFO">Closed all browsers</msg>
<status status="PASS" starttime="20231212 16:24:07.271" endtime="20231212 16:24:08.986"/>
</kw>
<status status="PASS" starttime="20231212 16:22:43.666" endtime="20231212 16:24:08.987"/>
</suite>
<statistics>
<total>
<stat pass="1" fail="0" skip="0">All Tests</stat>
</total>
<tag>
<stat pass="1" fail="0" skip="0">lista_produto</stat>
</tag>
<suite>
<stat pass="1" fail="0" skip="0" id="s1" name="Serve-Rest-Front">Serve-Rest-Front</stat>
</suite>
</statistics>
<errors>
</errors>
</robot>
